2020-06-12 12:33:35,620 [Worker-0: Loading available Gradle versions] INFO  o.e.b.c.i.u.g.PublishedGradleVersions - Gradle version information cache is up-to-date. Trying to read.
2020-06-12 12:56:51,621 [Worker-23: Importing Maven projects] INFO  o.e.m.c.i.l.LifecycleMappingFactory - Using org.maven.ide.eclipse.wtp.WarLifecycleMapping lifecycle mapping for MavenProject: com.restpractice:restpractice:0.0.1-SNAPSHOT @ D:\java\apache-tomcat-8.5.40\apache-tomcat-8.5.40\webapps\restpractice\META-INF\maven\com.restpractice\restpractice\pom.xml.
2020-06-12 12:56:54,095 [Worker-23: Importing Maven projects] INFO  o.e.m.j.i.AbstractJavaProjectConfigurator - Adding source folder /restpractice/src/main/java
2020-06-12 12:56:54,095 [Worker-23: Importing Maven projects] INFO  o.e.m.j.i.AbstractJavaProjectConfigurator - Adding source folder /restpractice/src/test/java
2020-06-12 12:56:55,463 [Worker-23: Importing Maven projects] INFO  o.e.m.c.i.p.ProjectConfigurationManager - Imported and configured 1 project(s) in 8 sec
2020-06-12 12:57:20,605 [Worker-33: Importing Maven projects] INFO  o.e.m.c.i.l.LifecycleMappingFactory - Using org.maven.ide.eclipse.wtp.WarLifecycleMapping lifecycle mapping for MavenProject: com.restpractice:SpringCrudEx:0.0.1-SNAPSHOT @ D:\java\apache-tomcat-8.5.40\apache-tomcat-8.5.40\webapps\SpringCrudEx\META-INF\maven\com.restpractice\SpringCrudEx\pom.xml.
2020-06-12 12:57:21,673 [Worker-33: Importing Maven projects] INFO  o.e.m.j.i.AbstractJavaProjectConfigurator - Adding source folder /SpringCrudEx/src/main/java
2020-06-12 12:57:21,673 [Worker-33: Importing Maven projects] INFO  o.e.m.j.i.AbstractJavaProjectConfigurator - Adding source folder /SpringCrudEx/src/test/java
2020-06-12 12:57:23,433 [Worker-33: Importing Maven projects] INFO  o.e.m.c.i.p.ProjectConfigurationManager - Imported and configured 1 project(s) in 3 sec
2020-06-12 12:57:44,605 [Worker-51: Cleaning all projects] INFO  o.e.m.w.i.f.ResourceFilteringBuildParticipant - Cleaning filtered folder for SpringCrudEx
2020-06-12 12:57:44,627 [Worker-51: Cleaning all projects] INFO  o.e.m.w.i.f.ResourceFilteringBuildParticipant - Cleaning filtered folder for restpractice
2020-06-12 12:57:44,723 [Worker-41: Building Workspace] WARN  o.e.m.c.i.embedder.EclipseLogger - Using platform encoding (Cp1252 actually) to copy filtered resources, i.e. build is platform dependent!
2020-06-12 12:57:44,725 [Worker-41: Building Workspace] INFO  o.e.m.c.i.embedder.EclipseLogger - skip non existing resourceDirectory D:\java\apache-tomcat-8.5.40\apache-tomcat-8.5.40\webapps\SpringCrudEx\META-INF\maven\com.restpractice\SpringCrudEx\src\main\resources
2020-06-12 12:57:44,729 [Worker-41: Building Workspace] WARN  o.e.m.c.i.embedder.EclipseLogger - Using platform encoding (Cp1252 actually) to copy filtered resources, i.e. build is platform dependent!
2020-06-12 12:57:44,731 [Worker-41: Building Workspace] INFO  o.e.m.c.i.embedder.EclipseLogger - skip non existing resourceDirectory D:\java\apache-tomcat-8.5.40\apache-tomcat-8.5.40\webapps\SpringCrudEx\META-INF\maven\com.restpractice\SpringCrudEx\src\test\resources
2020-06-12 12:57:44,732 [Worker-41: Building Workspace] INFO  o.e.m.w.i.f.ResourceFilteringBuildParticipant - Changed resources require a complete clean of filtered resources of SpringCrudEx
2020-06-12 12:57:44,735 [Worker-41: Building Workspace] INFO  o.e.m.w.i.f.ResourceFilteringBuildParticipant - Executing resource filtering for SpringCrudEx
2020-06-12 12:57:44,750 [Worker-41: Building Workspace] WARN  o.e.m.c.i.embedder.EclipseLogger - Using platform encoding (Cp1252 actually) to copy filtered resources, i.e. build is platform dependent!
2020-06-12 12:57:44,792 [Worker-41: Building Workspace] WARN  o.e.m.c.i.embedder.EclipseLogger - Using platform encoding (Cp1252 actually) to copy filtered resources, i.e. build is platform dependent!
2020-06-12 12:57:44,795 [Worker-41: Building Workspace] INFO  o.e.m.c.i.embedder.EclipseLogger - skip non existing resourceDirectory D:\java\apache-tomcat-8.5.40\apache-tomcat-8.5.40\webapps\restpractice\META-INF\maven\com.restpractice\restpractice\src\main\resources
2020-06-12 12:57:44,798 [Worker-41: Building Workspace] WARN  o.e.m.c.i.embedder.EclipseLogger - Using platform encoding (Cp1252 actually) to copy filtered resources, i.e. build is platform dependent!
2020-06-12 12:57:44,799 [Worker-41: Building Workspace] INFO  o.e.m.c.i.embedder.EclipseLogger - skip non existing resourceDirectory D:\java\apache-tomcat-8.5.40\apache-tomcat-8.5.40\webapps\restpractice\META-INF\maven\com.restpractice\restpractice\src\test\resources
2020-06-12 12:57:44,800 [Worker-41: Building Workspace] INFO  o.e.m.w.i.f.ResourceFilteringBuildParticipant - Changed resources require a complete clean of filtered resources of restpractice
2020-06-12 12:57:44,800 [Worker-41: Building Workspace] INFO  o.e.m.w.i.f.ResourceFilteringBuildParticipant - Executing resource filtering for restpractice
2020-06-12 12:57:44,807 [Worker-41: Building Workspace] WARN  o.e.m.c.i.embedder.EclipseLogger - Using platform encoding (Cp1252 actually) to copy filtered resources, i.e. build is platform dependent!
2020-06-12 15:57:16,377 [Worker-0: Loading available Gradle versions] INFO  o.e.b.c.i.u.g.PublishedGradleVersions - Gradle version information cache is up-to-date. Trying to read.
2020-06-18 00:01:09,000 [Worker-3: Loading available Gradle versions] INFO  o.e.b.c.i.u.g.PublishedGradleVersions - Gradle version information cache is out-of-date. Trying to update.
2020-06-18 01:03:57,870 [Worker-1: Loading available Gradle versions] INFO  o.e.b.c.i.u.g.PublishedGradleVersions - Gradle version information cache is up-to-date. Trying to read.
2020-06-18 22:59:58,780 [Worker-7: Loading available Gradle versions] INFO  o.e.b.c.i.u.g.PublishedGradleVersions - Gradle version information cache is up-to-date. Trying to read.
2020-06-19 10:59:03,519 [Worker-0: Loading available Gradle versions] INFO  o.e.b.c.i.u.g.PublishedGradleVersions - Gradle version information cache is out-of-date. Trying to update.
2020-06-21 23:13:36,946 [Worker-9: Loading available Gradle versions] INFO  o.e.b.c.i.u.g.PublishedGradleVersions - Gradle version information cache is out-of-date. Trying to update.
2020-06-25 15:34:13,769 [Worker-14: Loading available Gradle versions] INFO  o.e.b.c.i.u.g.PublishedGradleVersions - Gradle version information cache is up-to-date. Trying to read.
2020-06-25 18:30:40,452 [Worker-3: Loading available Gradle versions] INFO  o.e.b.c.i.u.g.PublishedGradleVersions - Gradle version information cache is up-to-date. Trying to read.
2020-06-25 18:36:11,226 [Worker-5: Creating maven-archetype-webapp] INFO  o.e.m.c.i.p.ProjectConfigurationManager - Collecting project info '/pom.xml' D:\Sai_workSpace\restpractice\pom.xml
2020-06-25 18:36:17,610 [Worker-5: Creating maven-archetype-webapp] INFO  o.e.m.c.i.l.LifecycleMappingFactory - Using org.maven.ide.eclipse.wtp.WarLifecycleMapping lifecycle mapping for MavenProject: com.restpractice:restpractice:0.0.1-SNAPSHOT @ D:\Sai_workSpace\restpractice\pom.xml.
2020-06-25 18:36:19,770 [Worker-5: Creating maven-archetype-webapp] INFO  o.e.m.j.i.AbstractJavaProjectConfigurator - Adding source folder /restpractice/src/main/java
2020-06-25 18:36:19,771 [Worker-5: Creating maven-archetype-webapp] INFO  o.e.m.j.i.AbstractJavaProjectConfigurator - Adding resource folder /restpractice/src/main/resources
2020-06-25 18:36:19,771 [Worker-5: Creating maven-archetype-webapp] INFO  o.e.m.j.i.AbstractJavaProjectConfigurator - Adding source folder /restpractice/src/test/java
2020-06-25 18:36:23,384 [Worker-5: Creating maven-archetype-webapp] INFO  o.e.m.c.i.p.ProjectConfigurationManager - Imported and configured 1 project(s) in 12 sec
2020-06-25 18:42:14,617 [Worker-20: Launching Executing clean in D__Sai_workSpace_restpractice] INFO  o.e.m.i.launch.MavenLaunchDelegate - D:\Sai_workSpace\restpractice
2020-06-25 18:42:14,618 [Worker-20: Launching Executing clean in D__Sai_workSpace_restpractice] INFO  o.e.m.i.launch.MavenLaunchDelegate -  mvn -B -s D:\java\apache-maven-3.6.1-bin\apache-maven-3.6.1\conf\settings.xml clean
2020-06-25 18:42:20,880 [Worker-17: Launching Executing install in D__Sai_workSpace_restpractice] INFO  o.e.m.i.launch.MavenLaunchDelegate - D:\Sai_workSpace\restpractice
2020-06-25 18:42:20,880 [Worker-17: Launching Executing install in D__Sai_workSpace_restpractice] INFO  o.e.m.i.launch.MavenLaunchDelegate -  mvn -B -s D:\java\apache-maven-3.6.1-bin\apache-maven-3.6.1\conf\settings.xml install
2020-06-25 18:46:34,325 [Worker-5: Launching Executing install in D__Sai_workSpace_restpractice] INFO  o.e.m.i.launch.MavenLaunchDelegate - D:\Sai_workSpace\restpractice
2020-06-25 18:46:34,326 [Worker-5: Launching Executing install in D__Sai_workSpace_restpractice] INFO  o.e.m.i.launch.MavenLaunchDelegate -  mvn -B -s D:\java\apache-maven-3.6.1-bin\apache-maven-3.6.1\conf\settings.xml install
2020-06-25 18:48:29,972 [Worker-17: Launching Executing install in D__Sai_workSpace_restpractice] INFO  o.e.m.i.launch.MavenLaunchDelegate - D:\Sai_workSpace\restpractice
2020-06-25 18:48:29,972 [Worker-17: Launching Executing install in D__Sai_workSpace_restpractice] INFO  o.e.m.i.launch.MavenLaunchDelegate -  mvn -B -s D:\java\apache-maven-3.6.1-bin\apache-maven-3.6.1\conf\settings.xml install
2020-06-25 18:49:34,608 [Worker-17: Launching Executing install in D__Sai_workSpace_restpractice] INFO  o.e.m.i.launch.MavenLaunchDelegate - D:\Sai_workSpace\restpractice
2020-06-25 18:49:34,609 [Worker-17: Launching Executing install in D__Sai_workSpace_restpractice] INFO  o.e.m.i.launch.MavenLaunchDelegate -  mvn -B -s D:\java\apache-maven-3.6.1-bin\apache-maven-3.6.1\conf\settings.xml install
2020-06-25 18:50:26,086 [Worker-19: Launching Executing install in D__Sai_workSpace_restpractice] INFO  o.e.m.i.launch.MavenLaunchDelegate - D:\Sai_workSpace\restpractice
2020-06-25 18:50:26,086 [Worker-19: Launching Executing install in D__Sai_workSpace_restpractice] INFO  o.e.m.i.launch.MavenLaunchDelegate -  mvn -B -s D:\java\apache-maven-3.6.1-bin\apache-maven-3.6.1\conf\settings.xml install
2020-06-25 18:52:36,810 [Worker-21: Launching Executing install in D__Sai_workSpace_restpractice] INFO  o.e.m.i.launch.MavenLaunchDelegate - D:\Sai_workSpace\restpractice
2020-06-25 18:52:36,810 [Worker-21: Launching Executing install in D__Sai_workSpace_restpractice] INFO  o.e.m.i.launch.MavenLaunchDelegate -  mvn -B -s D:\java\apache-maven-3.6.1-bin\apache-maven-3.6.1\conf\settings.xml install
2020-06-25 18:57:13,861 [Worker-12: Launching Executing install in D__Sai_workSpace_restpractice] INFO  o.e.m.i.launch.MavenLaunchDelegate - D:\Sai_workSpace\restpractice
2020-06-25 18:57:13,862 [Worker-12: Launching Executing install in D__Sai_workSpace_restpractice] INFO  o.e.m.i.launch.MavenLaunchDelegate -  mvn -B -s D:\java\apache-maven-3.6.1-bin\apache-maven-3.6.1\conf\settings.xml install
2020-06-25 18:58:17,547 [Worker-2: Loading available Gradle versions] INFO  o.e.b.c.i.u.g.PublishedGradleVersions - Gradle version information cache is up-to-date. Trying to read.
2020-06-25 19:05:11,235 [Worker-13: Launching Executing install in D__Sai_workSpace_restpractice] INFO  o.e.m.i.launch.MavenLaunchDelegate - D:\Sai_workSpace\restpractice
2020-06-25 19:05:11,238 [Worker-13: Launching Executing install in D__Sai_workSpace_restpractice] INFO  o.e.m.i.launch.MavenLaunchDelegate -  mvn -B -s D:\java\apache-maven-3.6.1-bin\apache-maven-3.6.1\conf\settings.xml install
2020-06-25 19:05:53,683 [Worker-16: Updating Maven Project] INFO  o.e.m.c.i.p.ProjectConfigurationManager - Update started
2020-06-25 19:05:54,939 [Worker-16: Updating Maven Project] INFO  o.e.m.c.i.l.LifecycleMappingFactory - Using org.maven.ide.eclipse.wtp.WarLifecycleMapping lifecycle mapping for MavenProject: com.restpractice:restpractice:0.0.1-SNAPSHOT @ D:\Sai_workSpace\restpractice\pom.xml.
2020-06-25 19:05:56,521 [Worker-16: Updating Maven Project] INFO  o.e.m.j.i.AbstractJavaProjectConfigurator - Adding source folder /restpractice/src/main/java
2020-06-25 19:05:56,522 [Worker-16: Updating Maven Project] INFO  o.e.m.j.i.AbstractJavaProjectConfigurator - Adding resource folder /restpractice/src/main/resources
2020-06-25 19:05:56,523 [Worker-16: Updating Maven Project] INFO  o.e.m.j.i.AbstractJavaProjectConfigurator - Adding source folder /restpractice/src/test/java
2020-06-25 19:06:00,076 [Worker-16: Updating Maven Project] INFO  o.e.m.w.i.f.ResourceFilteringBuildParticipant - Cleaning filtered folder for restpractice
2020-06-25 19:06:00,081 [Worker-16: Updating Maven Project] INFO  o.e.m.c.i.p.ProjectConfigurationManager - Update completed: 6 sec
2020-06-25 19:06:01,307 [Worker-5: Building Project restpractice] WARN  o.e.m.c.i.embedder.EclipseLogger - Using platform encoding (Cp1252 actually) to copy filtered resources, i.e. build is platform dependent!
2020-06-25 19:06:01,349 [Worker-5: Building Project restpractice] INFO  o.e.m.c.i.embedder.EclipseLogger - Copying 0 resource
2020-06-25 19:06:01,352 [Worker-5: Building Project restpractice] WARN  o.e.m.c.i.embedder.EclipseLogger - Using platform encoding (Cp1252 actually) to copy filtered resources, i.e. build is platform dependent!
2020-06-25 19:06:01,354 [Worker-5: Building Project restpractice] INFO  o.e.m.c.i.embedder.EclipseLogger - skip non existing resourceDirectory D:\Sai_workSpace\restpractice\src\test\resources
2020-06-25 19:06:01,354 [Worker-5: Building Project restpractice] INFO  o.e.m.w.i.f.ResourceFilteringBuildParticipant - Changed resources require a complete clean of filtered resources of restpractice
2020-06-25 19:06:01,355 [Worker-5: Building Project restpractice] INFO  o.e.m.w.i.f.ResourceFilteringBuildParticipant - Executing resource filtering for restpractice
2020-06-25 19:06:01,368 [Worker-5: Building Project restpractice] WARN  o.e.m.c.i.embedder.EclipseLogger - Using platform encoding (Cp1252 actually) to copy filtered resources, i.e. build is platform dependent!
2020-06-25 19:16:50,507 [Worker-9: Launching Executing install in D__Sai_workSpace_restpractice] INFO  o.e.m.i.launch.MavenLaunchDelegate - D:\Sai_workSpace\restpractice
2020-06-25 19:16:50,507 [Worker-9: Launching Executing install in D__Sai_workSpace_restpractice] INFO  o.e.m.i.launch.MavenLaunchDelegate -  mvn -B -s D:\java\apache-maven-3.6.1-bin\apache-maven-3.6.1\conf\settings.xml install
2020-06-25 19:17:24,734 [Worker-15: Launching Executing install in D__Sai_workSpace_restpractice] INFO  o.e.m.i.launch.MavenLaunchDelegate - D:\Sai_workSpace\restpractice
2020-06-25 19:17:24,734 [Worker-15: Launching Executing install in D__Sai_workSpace_restpractice] INFO  o.e.m.i.launch.MavenLaunchDelegate -  mvn -B -s D:\java\apache-maven-3.6.1-bin\apache-maven-3.6.1\conf\settings.xml install
2020-06-25 19:17:34,402 [Worker-19: Searching...] INFO  o.e.m.c.i.e.AbstractTransferListenerAdapter - Downloading https://repo.maven.apache.org/maven2/io/takari/m2e/workspace/org.eclipse.m2e.workspace.cli/0.3.1/org.eclipse.m2e.workspace.cli-0.3.1-sources.jar
2020-06-25 19:17:34,683 [Worker-19: Searching...] INFO  o.e.m.c.i.e.AbstractTransferListenerAdapter - Downloaded https://repo.maven.apache.org/maven2/io/takari/m2e/workspace/org.eclipse.m2e.workspace.cli/0.3.1/org.eclipse.m2e.workspace.cli-0.3.1-sources.jar
2020-06-25 19:17:35,980 [Worker-19: Searching...] INFO  o.e.m.c.i.e.AbstractTransferListenerAdapter - Downloading https://repo.maven.apache.org/maven2/org/codehaus/plexus/plexus-classworlds/2.5.2/plexus-classworlds-2.5.2-sources.jar
2020-06-25 19:17:36,683 [Worker-19: Searching...] INFO  o.e.m.c.i.e.AbstractTransferListenerAdapter - Downloaded https://repo.maven.apache.org/maven2/org/codehaus/plexus/plexus-classworlds/2.5.2/plexus-classworlds-2.5.2-sources.jar
2020-06-25 19:17:38,180 [Worker-19: Searching...] INFO  o.e.m.c.i.e.AbstractTransferListenerAdapter - Downloading https://repo.maven.apache.org/maven2/org/apache/maven/resolver/maven-resolver-util/1.1.1/maven-resolver-util-1.1.1-sources.jar
2020-06-25 19:17:39,129 [Worker-19: Searching...] INFO  o.e.m.c.i.e.AbstractTransferListenerAdapter - Downloaded https://repo.maven.apache.org/maven2/org/apache/maven/resolver/maven-resolver-util/1.1.1/maven-resolver-util-1.1.1-sources.jar
2020-06-25 19:17:40,164 [Worker-19: Searching...] INFO  o.e.m.c.i.e.AbstractTransferListenerAdapter - Downloading https://repo.maven.apache.org/maven2/org/apache/maven/maven-model/3.5.3/maven-model-3.5.3-sources.jar
2020-06-25 19:17:41,437 [Worker-19: Searching...] INFO  o.e.m.c.i.e.AbstractTransferListenerAdapter - Downloaded https://repo.maven.apache.org/maven2/org/apache/maven/maven-model/3.5.3/maven-model-3.5.3-sources.jar
2020-06-25 19:17:42,471 [Worker-19: Searching...] INFO  o.e.m.c.i.e.AbstractTransferListenerAdapter - Downloading https://repo.maven.apache.org/maven2/commons-io/commons-io/2.5/commons-io-2.5-sources.jar
2020-06-25 19:17:43,691 [Worker-19: Searching...] INFO  o.e.m.c.i.e.AbstractTransferListenerAdapter - Downloaded https://repo.maven.apache.org/maven2/commons-io/commons-io/2.5/commons-io-2.5-sources.jar
2020-06-25 19:17:45,240 [Worker-19: Searching...] INFO  o.e.m.c.i.e.AbstractTransferListenerAdapter - Downloading https://repo.maven.apache.org/maven2/commons-cli/commons-cli/1.4/commons-cli-1.4-sources.jar
2020-06-25 19:17:45,916 [Worker-19: Searching...] INFO  o.e.m.c.i.e.AbstractTransferListenerAdapter - Downloaded https://repo.maven.apache.org/maven2/commons-cli/commons-cli/1.4/commons-cli-1.4-sources.jar
2020-06-25 19:17:47,157 [Worker-19: Searching...] INFO  o.e.m.c.i.e.AbstractTransferListenerAdapter - Downloading https://repo.maven.apache.org/maven2/org/apache/maven/resolver/maven-resolver-connector-basic/1.1.1/maven-resolver-connector-basic-1.1.1-sources.jar
2020-06-25 19:17:47,596 [Worker-19: Searching...] INFO  o.e.m.c.i.e.AbstractTransferListenerAdapter - Downloaded https://repo.maven.apache.org/maven2/org/apache/maven/resolver/maven-resolver-connector-basic/1.1.1/maven-resolver-connector-basic-1.1.1-sources.jar
2020-06-25 19:17:48,638 [Worker-19: Searching...] INFO  o.e.m.c.i.e.AbstractTransferListenerAdapter - Downloading https://repo.maven.apache.org/maven2/org/apache/maven/maven-core/3.5.3/maven-core-3.5.3-sources.jar
2020-06-25 19:17:50,044 [Worker-19: Searching...] INFO  o.e.m.c.i.e.AbstractTransferListenerAdapter - Downloaded https://repo.maven.apache.org/maven2/org/apache/maven/maven-core/3.5.3/maven-core-3.5.3-sources.jar
2020-06-25 19:17:51,122 [Worker-19: Searching...] INFO  o.e.m.c.i.e.AbstractTransferListenerAdapter - Downloading https://repo.maven.apache.org/maven2/org/codehaus/plexus/plexus-interpolation/1.24/plexus-interpolation-1.24-sources.jar
2020-06-25 19:17:51,778 [Worker-19: Searching...] INFO  o.e.m.c.i.e.AbstractTransferListenerAdapter - Downloaded https://repo.maven.apache.org/maven2/org/codehaus/plexus/plexus-interpolation/1.24/plexus-interpolation-1.24-sources.jar
2020-06-25 19:17:53,028 [Worker-19: Searching...] INFO  o.e.m.c.i.e.AbstractTransferListenerAdapter - Downloading https://repo.maven.apache.org/maven2/org/sonatype/plexus/plexus-sec-dispatcher/1.4/plexus-sec-dispatcher-1.4-sources.jar
2020-06-25 19:17:53,450 [Worker-19: Searching...] INFO  o.e.m.c.i.e.AbstractTransferListenerAdapter - Downloaded https://repo.maven.apache.org/maven2/org/sonatype/plexus/plexus-sec-dispatcher/1.4/plexus-sec-dispatcher-1.4-sources.jar
2020-06-25 19:17:54,788 [Worker-19: Searching...] INFO  o.e.m.c.i.e.AbstractTransferListenerAdapter - Downloading https://repo.maven.apache.org/maven2/org/sonatype/plexus/plexus-cipher/1.7/plexus-cipher-1.7-sources.jar
2020-06-25 19:17:55,009 [Worker-19: Searching...] INFO  o.e.m.c.i.e.AbstractTransferListenerAdapter - Downloaded https://repo.maven.apache.org/maven2/org/sonatype/plexus/plexus-cipher/1.7/plexus-cipher-1.7-sources.jar
2020-06-25 19:17:56,066 [Worker-19: Searching...] INFO  o.e.m.c.i.e.AbstractTransferListenerAdapter - Downloading https://repo.maven.apache.org/maven2/org/fusesource/hawtjni/hawtjni-runtime/1.16/hawtjni-runtime-1.16-sources.jar
2020-06-25 19:17:56,531 [Worker-19: Searching...] INFO  o.e.m.c.i.e.AbstractTransferListenerAdapter - Downloaded https://repo.maven.apache.org/maven2/org/fusesource/hawtjni/hawtjni-runtime/1.16/hawtjni-runtime-1.16-sources.jar
2020-06-25 19:17:57,754 [Worker-19: Searching...] INFO  o.e.m.c.i.e.AbstractTransferListenerAdapter - Downloading https://repo.maven.apache.org/maven2/org/fusesource/jansi/jansi-freebsd32/1.8/jansi-freebsd32-1.8-sources.jar
2020-06-25 19:17:58,609 [Worker-19: Searching...] INFO  o.e.m.c.i.e.AbstractTransferListenerAdapter - Downloaded https://repo.maven.apache.org/maven2/org/fusesource/jansi/jansi-freebsd32/1.8/jansi-freebsd32-1.8-sources.jar
2020-06-25 19:17:59,801 [Worker-19: Searching...] INFO  o.e.m.c.i.e.AbstractTransferListenerAdapter - Downloading https://repo.maven.apache.org/maven2/org/fusesource/jansi/jansi-freebsd64/1.8/jansi-freebsd64-1.8-sources.jar
2020-06-25 19:18:00,361 [Worker-19: Searching...] INFO  o.e.m.c.i.e.AbstractTransferListenerAdapter - Downloaded https://repo.maven.apache.org/maven2/org/fusesource/jansi/jansi-freebsd64/1.8/jansi-freebsd64-1.8-sources.jar
2020-06-25 19:18:01,348 [Worker-19: Searching...] INFO  o.e.m.c.i.e.AbstractTransferListenerAdapter - Downloading https://repo.maven.apache.org/maven2/org/fusesource/jansi/jansi-linux32/1.8/jansi-linux32-1.8-sources.jar
2020-06-25 19:18:01,810 [Worker-19: Searching...] INFO  o.e.m.c.i.e.AbstractTransferListenerAdapter - Downloaded https://repo.maven.apache.org/maven2/org/fusesource/jansi/jansi-linux32/1.8/jansi-linux32-1.8-sources.jar
2020-06-25 19:18:02,946 [Worker-19: Searching...] INFO  o.e.m.c.i.e.AbstractTransferListenerAdapter - Downloading https://repo.maven.apache.org/maven2/org/fusesource/jansi/jansi-linux64/1.8/jansi-linux64-1.8-sources.jar
2020-06-25 19:18:03,696 [Worker-19: Searching...] INFO  o.e.m.c.i.e.AbstractTransferListenerAdapter - Downloaded https://repo.maven.apache.org/maven2/org/fusesource/jansi/jansi-linux64/1.8/jansi-linux64-1.8-sources.jar
2020-06-25 19:18:04,980 [Worker-19: Searching...] INFO  o.e.m.c.i.e.AbstractTransferListenerAdapter - Downloading https://repo.maven.apache.org/maven2/org/fusesource/jansi/jansi-native/1.8/jansi-native-1.8-sources.jar
2020-06-25 19:18:05,221 [Worker-19: Searching...] INFO  o.e.m.c.i.e.AbstractTransferListenerAdapter - Downloaded https://repo.maven.apache.org/maven2/org/fusesource/jansi/jansi-native/1.8/jansi-native-1.8-sources.jar
2020-06-25 19:18:06,321 [Worker-19: Searching...] INFO  o.e.m.c.i.e.AbstractTransferListenerAdapter - Downloading https://repo.maven.apache.org/maven2/org/fusesource/jansi/jansi-osx/1.8/jansi-osx-1.8-sources.jar
2020-06-25 19:18:06,721 [Worker-19: Searching...] INFO  o.e.m.c.i.e.AbstractTransferListenerAdapter - Downloaded https://repo.maven.apache.org/maven2/org/fusesource/jansi/jansi-osx/1.8/jansi-osx-1.8-sources.jar
2020-06-25 19:18:08,154 [Worker-19: Searching...] INFO  o.e.m.c.i.e.AbstractTransferListenerAdapter - Downloading https://repo.maven.apache.org/maven2/org/fusesource/jansi/jansi-windows32/1.8/jansi-windows32-1.8-sources.jar
2020-06-25 19:18:08,621 [Worker-19: Searching...] INFO  o.e.m.c.i.e.AbstractTransferListenerAdapter - Downloaded https://repo.maven.apache.org/maven2/org/fusesource/jansi/jansi-windows32/1.8/jansi-windows32-1.8-sources.jar
2020-06-25 19:18:09,706 [Worker-19: Searching...] INFO  o.e.m.c.i.e.AbstractTransferListenerAdapter - Downloading https://repo.maven.apache.org/maven2/org/fusesource/jansi/jansi-windows64/1.8/jansi-windows64-1.8-sources.jar
2020-06-25 19:18:10,127 [Worker-19: Searching...] INFO  o.e.m.c.i.e.AbstractTransferListenerAdapter - Downloaded https://repo.maven.apache.org/maven2/org/fusesource/jansi/jansi-windows64/1.8/jansi-windows64-1.8-sources.jar
2020-06-25 19:18:11,111 [Worker-19: Searching...] INFO  o.e.m.c.i.e.AbstractTransferListenerAdapter - Downloading https://repo.maven.apache.org/maven2/org/fusesource/jansi/jansi/1.17/jansi-1.17-sources.jar
2020-06-25 19:18:11,549 [Worker-19: Searching...] INFO  o.e.m.c.i.e.AbstractTransferListenerAdapter - Downloaded https://repo.maven.apache.org/maven2/org/fusesource/jansi/jansi/1.17/jansi-1.17-sources.jar
2020-06-25 19:18:12,674 [Worker-19: Searching...] INFO  o.e.m.c.i.e.AbstractTransferListenerAdapter - Downloading https://repo.maven.apache.org/maven2/org/apache/maven/maven-settings-builder/3.5.3/maven-settings-builder-3.5.3-sources.jar
2020-06-25 19:18:13,395 [Worker-19: Searching...] INFO  o.e.m.c.i.e.AbstractTransferListenerAdapter - Downloaded https://repo.maven.apache.org/maven2/org/apache/maven/maven-settings-builder/3.5.3/maven-settings-builder-3.5.3-sources.jar
2020-06-25 19:18:14,393 [Worker-19: Searching...] INFO  o.e.m.c.i.e.AbstractTransferListenerAdapter - Downloading https://repo.maven.apache.org/maven2/org/apache/maven/maven-compat/3.5.3/maven-compat-3.5.3-sources.jar
2020-06-25 19:18:15,502 [Worker-19: Searching...] INFO  o.e.m.c.i.e.AbstractTransferListenerAdapter - Downloaded https://repo.maven.apache.org/maven2/org/apache/maven/maven-compat/3.5.3/maven-compat-3.5.3-sources.jar
2020-06-25 19:18:16,674 [Worker-19: Searching...] INFO  o.e.m.c.i.e.AbstractTransferListenerAdapter - Downloading https://repo.maven.apache.org/maven2/org/apache/maven/maven-embedder/3.5.3/maven-embedder-3.5.3-sources.jar
2020-06-25 19:18:17,393 [Worker-19: Searching...] INFO  o.e.m.c.i.e.AbstractTransferListenerAdapter - Downloaded https://repo.maven.apache.org/maven2/org/apache/maven/maven-embedder/3.5.3/maven-embedder-3.5.3-sources.jar
2020-06-25 19:18:18,330 [Worker-19: Searching...] INFO  o.e.m.c.i.e.AbstractTransferListenerAdapter - Downloading https://repo.maven.apache.org/maven2/javax/enterprise/cdi-api/1.0/cdi-api-1.0-sources.jar
2020-06-25 19:18:19,142 [Worker-19: Searching...] INFO  o.e.m.c.i.e.AbstractTransferListenerAdapter - Downloaded https://repo.maven.apache.org/maven2/javax/enterprise/cdi-api/1.0/cdi-api-1.0-sources.jar
2020-06-25 19:18:20,502 [Worker-19: Searching...] INFO  o.e.m.c.i.e.AbstractTransferListenerAdapter - Downloading https://repo.maven.apache.org/maven2/org/apache/maven/maven-settings/3.5.3/maven-settings-3.5.3-sources.jar
2020-06-25 19:18:20,939 [Worker-19: Searching...] INFO  o.e.m.c.i.e.AbstractTransferListenerAdapter - Downloaded https://repo.maven.apache.org/maven2/org/apache/maven/maven-settings/3.5.3/maven-settings-3.5.3-sources.jar
2020-06-25 19:18:21,892 [Worker-19: Searching...] INFO  o.e.m.c.i.e.AbstractTransferListenerAdapter - Downloading https://repo.maven.apache.org/maven2/org/apache/maven/resolver/maven-resolver-api/1.1.1/maven-resolver-api-1.1.1-sources.jar
2020-06-25 19:18:22,908 [Worker-19: Searching...] INFO  o.e.m.c.i.e.AbstractTransferListenerAdapter - Downloaded https://repo.maven.apache.org/maven2/org/apache/maven/resolver/maven-resolver-api/1.1.1/maven-resolver-api-1.1.1-sources.jar
2020-06-25 19:18:23,970 [Worker-19: Searching...] INFO  o.e.m.c.i.e.AbstractTransferListenerAdapter - Downloading https://repo.maven.apache.org/maven2/org/codehaus/plexus/plexus-component-annotations/1.7.1/plexus-component-annotations-1.7.1-sources.jar
2020-06-25 19:18:24,189 [Worker-19: Searching...] INFO  o.e.m.c.i.e.AbstractTransferListenerAdapter - Downloaded https://repo.maven.apache.org/maven2/org/codehaus/plexus/plexus-component-annotations/1.7.1/plexus-component-annotations-1.7.1-sources.jar
2020-06-25 19:18:25,642 [Worker-19: Searching...] INFO  o.e.m.c.i.e.AbstractTransferListenerAdapter - Downloading https://repo.maven.apache.org/maven2/org/apache/maven/resolver/maven-resolver-impl/1.1.1/maven-resolver-impl-1.1.1-sources.jar
2020-06-25 19:18:26,861 [Worker-19: Searching...] INFO  o.e.m.c.i.e.AbstractTransferListenerAdapter - Downloaded https://repo.maven.apache.org/maven2/org/apache/maven/resolver/maven-resolver-impl/1.1.1/maven-resolver-impl-1.1.1-sources.jar
2020-06-25 19:18:28,314 [Worker-19: Searching...] INFO  o.e.m.c.i.e.AbstractTransferListenerAdapter - Downloading https://repo.maven.apache.org/maven2/com/squareup/okio/okio/1.14.0/okio-1.14.0-sources.jar
2020-06-25 19:18:29,048 [Worker-19: Searching...] INFO  o.e.m.c.i.e.AbstractTransferListenerAdapter - Downloaded https://repo.maven.apache.org/maven2/com/squareup/okio/okio/1.14.0/okio-1.14.0-sources.jar
2020-06-25 19:18:30,423 [Worker-19: Searching...] INFO  o.e.m.c.i.e.AbstractTransferListenerAdapter - Downloading https://repo.maven.apache.org/maven2/org/apache/maven/wagon/wagon-file/3.0.0/wagon-file-3.0.0-sources.jar
2020-06-25 19:18:30,626 [Worker-19: Searching...] INFO  o.e.m.c.i.e.AbstractTransferListenerAdapter - Downloaded https://repo.maven.apache.org/maven2/org/apache/maven/wagon/wagon-file/3.0.0/wagon-file-3.0.0-sources.jar
2020-06-25 19:18:31,798 [Worker-19: Searching...] INFO  o.e.m.c.i.e.AbstractTransferListenerAdapter - Downloading https://repo.maven.apache.org/maven2/org/apache/maven/maven-resolver-provider/3.5.3/maven-resolver-provider-3.5.3-sources.jar
2020-06-25 19:18:32,392 [Worker-19: Searching...] INFO  o.e.m.c.i.e.AbstractTransferListenerAdapter - Downloaded https://repo.maven.apache.org/maven2/org/apache/maven/maven-resolver-provider/3.5.3/maven-resolver-provider-3.5.3-sources.jar
2020-06-25 19:18:33,517 [Worker-19: Searching...] INFO  o.e.m.c.i.e.AbstractTransferListenerAdapter - Downloading https://repo.maven.apache.org/maven2/org/apache/maven/resolver/maven-resolver-transport-wagon/1.1.1/maven-resolver-transport-wagon-1.1.1-sources.jar
2020-06-25 19:18:33,939 [Worker-19: Searching...] INFO  o.e.m.c.i.e.AbstractTransferListenerAdapter - Downloaded https://repo.maven.apache.org/maven2/org/apache/maven/resolver/maven-resolver-transport-wagon/1.1.1/maven-resolver-transport-wagon-1.1.1-sources.jar
2020-06-25 19:18:35,548 [Worker-19: Searching...] INFO  o.e.m.c.i.e.AbstractTransferListenerAdapter - Downloading https://repo.maven.apache.org/maven2/org/apache/commons/commons-lang3/3.5/commons-lang3-3.5-sources.jar
2020-06-25 19:18:36,470 [Worker-13: Launching Executing install in D__Sai_workSpace_restpractice] INFO  o.e.m.i.launch.MavenLaunchDelegate - D:\Sai_workSpace\restpractice
2020-06-25 19:18:36,470 [Worker-13: Launching Executing install in D__Sai_workSpace_restpractice] INFO  o.e.m.i.launch.MavenLaunchDelegate -  mvn -B -s D:\java\apache-maven-3.6.1-bin\apache-maven-3.6.1\conf\settings.xml install
2020-06-25 19:18:36,994 [Worker-19: Searching...] INFO  o.e.m.c.i.e.AbstractTransferListenerAdapter - Downloaded https://repo.maven.apache.org/maven2/org/apache/commons/commons-lang3/3.5/commons-lang3-3.5-sources.jar
2020-06-25 19:18:38,103 [Worker-19: Searching...] INFO  o.e.m.c.i.e.AbstractTransferListenerAdapter - Downloading https://repo.maven.apache.org/maven2/com/google/guava/guava/20.0/guava-20.0-sources.jar
2020-06-25 19:18:40,508 [Worker-19: Searching...] INFO  o.e.m.c.i.e.AbstractTransferListenerAdapter - Downloaded https://repo.maven.apache.org/maven2/com/google/guava/guava/20.0/guava-20.0-sources.jar
2020-06-25 19:18:41,524 [Worker-19: Searching...] INFO  o.e.m.c.i.e.AbstractTransferListenerAdapter - Downloading https://repo.maven.apache.org/maven2/org/apache/maven/resolver/maven-resolver-spi/1.1.1/maven-resolver-spi-1.1.1-sources.jar
2020-06-25 19:18:42,196 [Worker-19: Searching...] INFO  o.e.m.c.i.e.AbstractTransferListenerAdapter - Downloaded https://repo.maven.apache.org/maven2/org/apache/maven/resolver/maven-resolver-spi/1.1.1/maven-resolver-spi-1.1.1-sources.jar
2020-06-25 19:18:43,223 [Worker-19: Searching...] INFO  o.e.m.c.i.e.AbstractTransferListenerAdapter - Downloading https://repo.maven.apache.org/maven2/org/apache/maven/maven-artifact/3.5.3/maven-artifact-3.5.3-sources.jar
2020-06-25 19:18:43,983 [Worker-19: Searching...] INFO  o.e.m.c.i.e.AbstractTransferListenerAdapter - Downloaded https://repo.maven.apache.org/maven2/org/apache/maven/maven-artifact/3.5.3/maven-artifact-3.5.3-sources.jar
2020-06-25 19:18:45,568 [Worker-19: Searching...] INFO  o.e.m.c.i.e.AbstractTransferListenerAdapter - Downloading https://repo.maven.apache.org/maven2/org/codehaus/plexus/plexus-utils/3.1.0/plexus-utils-3.1.0-sources.jar
2020-06-25 19:18:46,724 [Worker-19: Searching...] INFO  o.e.m.c.i.e.AbstractTransferListenerAdapter - Downloaded https://repo.maven.apache.org/maven2/org/codehaus/plexus/plexus-utils/3.1.0/plexus-utils-3.1.0-sources.jar
2020-06-25 19:18:48,224 [Worker-19: Searching...] INFO  o.e.m.c.i.e.AbstractTransferListenerAdapter - Downloading https://repo.maven.apache.org/maven2/io/takari/aether/aether-connector-okhttp/0.17.4/aether-connector-okhttp-0.17.4-sources.jar
2020-06-25 19:18:48,740 [Worker-19: Searching...] INFO  o.e.m.c.i.e.AbstractTransferListenerAdapter - Downloaded https://repo.maven.apache.org/maven2/io/takari/aether/aether-connector-okhttp/0.17.4/aether-connector-okhttp-0.17.4-sources.jar
2020-06-25 19:18:49,755 [Worker-19: Searching...] INFO  o.e.m.c.i.e.AbstractTransferListenerAdapter - Downloading https://repo.maven.apache.org/maven2/org/apache/maven/maven-repository-metadata/3.5.3/maven-repository-metadata-3.5.3-sources.jar
2020-06-25 19:18:50,146 [Worker-19: Searching...] INFO  o.e.m.c.i.e.AbstractTransferListenerAdapter - Downloaded https://repo.maven.apache.org/maven2/org/apache/maven/maven-repository-metadata/3.5.3/maven-repository-metadata-3.5.3-sources.jar
2020-06-25 19:18:51,552 [Worker-19: Searching...] INFO  o.e.m.c.i.e.AbstractTransferListenerAdapter - Downloading https://repo.maven.apache.org/maven2/org/apache/maven/wagon/wagon-provider-api/3.0.0/wagon-provider-api-3.0.0-sources.jar
2020-06-25 19:18:52,427 [Worker-19: Searching...] INFO  o.e.m.c.i.e.AbstractTransferListenerAdapter - Downloaded https://repo.maven.apache.org/maven2/org/apache/maven/wagon/wagon-provider-api/3.0.0/wagon-provider-api-3.0.0-sources.jar
2020-06-25 19:18:53,646 [Worker-19: Searching...] INFO  o.e.m.c.i.e.AbstractTransferListenerAdapter - Downloading https://repo.maven.apache.org/maven2/org/apache/maven/maven-builder-support/3.5.3/maven-builder-support-3.5.3-sources.jar
2020-06-25 19:18:54,036 [Worker-19: Searching...] INFO  o.e.m.c.i.e.AbstractTransferListenerAdapter - Downloaded https://repo.maven.apache.org/maven2/org/apache/maven/maven-builder-support/3.5.3/maven-builder-support-3.5.3-sources.jar
2020-06-25 19:18:55,083 [Worker-19: Searching...] INFO  o.e.m.c.i.e.AbstractTransferListenerAdapter - Downloading https://repo.maven.apache.org/maven2/org/apache/maven/shared/maven-shared-utils/3.2.1/maven-shared-utils-3.2.1-sources.jar
2020-06-25 19:18:55,958 [Worker-19: Searching...] INFO  o.e.m.c.i.e.AbstractTransferListenerAdapter - Downloaded https://repo.maven.apache.org/maven2/org/apache/maven/shared/maven-shared-utils/3.2.1/maven-shared-utils-3.2.1-sources.jar
2020-06-25 19:18:57,099 [Worker-19: Searching...] INFO  o.e.m.c.i.e.AbstractTransferListenerAdapter - Downloading https://repo.maven.apache.org/maven2/org/apache/maven/maven-model-builder/3.5.3/maven-model-builder-3.5.3-sources.jar
2020-06-25 19:18:58,114 [Worker-19: Searching...] INFO  o.e.m.c.i.e.AbstractTransferListenerAdapter - Downloaded https://repo.maven.apache.org/maven2/org/apache/maven/maven-model-builder/3.5.3/maven-model-builder-3.5.3-sources.jar
2020-06-25 19:19:00,223 [Worker-19: Searching...] INFO  o.e.m.c.i.e.AbstractTransferListenerAdapter - Downloading https://repo.maven.apache.org/maven2/org/apache/maven/maven-plugin-api/3.5.3/maven-plugin-api-3.5.3-sources.jar
2020-06-25 19:19:00,848 [Worker-19: Searching...] INFO  o.e.m.c.i.e.AbstractTransferListenerAdapter - Downloaded https://repo.maven.apache.org/maven2/org/apache/maven/maven-plugin-api/3.5.3/maven-plugin-api-3.5.3-sources.jar
2020-06-25 19:19:01,895 [Worker-19: Searching...] INFO  o.e.m.c.i.e.AbstractTransferListenerAdapter - Downloading https://repo.maven.apache.org/maven2/com/squareup/okhttp3/okhttp/3.11.0/okhttp-3.11.0-sources.jar
2020-06-25 19:19:12,480 [Worker-19: Searching...] INFO  o.e.m.c.i.e.AbstractTransferListenerAdapter - Downloaded https://repo.maven.apache.org/maven2/com/squareup/okhttp3/okhttp/3.11.0/okhttp-3.11.0-sources.jar
2020-06-25 19:19:13,941 [Worker-19: Searching...] INFO  o.e.m.c.i.e.AbstractTransferListenerAdapter - Downloading https://repo.maven.apache.org/maven2/org/slf4j/slf4j-simple/1.7.5/slf4j-simple-1.7.5-sources.jar
2020-06-25 19:19:14,175 [Worker-19: Searching...] INFO  o.e.m.c.i.e.AbstractTransferListenerAdapter - Downloaded https://repo.maven.apache.org/maven2/org/slf4j/slf4j-simple/1.7.5/slf4j-simple-1.7.5-sources.jar
2020-06-25 19:26:54,975 [Worker-19: Launching Executing install in D__Sai_workSpace_restpractice] INFO  o.e.m.i.launch.MavenLaunchDelegate - D:\Sai_workSpace\restpractice
2020-06-25 19:26:54,975 [Worker-19: Launching Executing install in D__Sai_workSpace_restpractice] INFO  o.e.m.i.launch.MavenLaunchDelegate -  mvn -B -s D:\java\apache-maven-3.6.1-bin\apache-maven-3.6.1\conf\settings.xml install
2020-06-25 19:39:07,255 [Worker-9: Launching Executing install in D__Sai_workSpace_restpractice] INFO  o.e.m.i.launch.MavenLaunchDelegate - D:\Sai_workSpace\restpractice
2020-06-25 19:39:07,255 [Worker-9: Launching Executing install in D__Sai_workSpace_restpractice] INFO  o.e.m.i.launch.MavenLaunchDelegate -  mvn -B -s D:\java\apache-maven-3.6.1-bin\apache-maven-3.6.1\conf\settings.xml install
2020-06-25 19:45:07,751 [Worker-20: Building Workspace] INFO  o.e.m.c.i.l.LifecycleMappingFactory - Using org.maven.ide.eclipse.wtp.WarLifecycleMapping lifecycle mapping for MavenProject: com.restpractice:restpractice:0.0.1-SNAPSHOT @ D:\Sai_workSpace\restpractice\pom.xml.
2020-06-25 19:45:09,973 [Worker-20: Building Workspace] WARN  o.e.m.c.i.embedder.EclipseLogger - Using platform encoding (Cp1252 actually) to copy filtered resources, i.e. build is platform dependent!
2020-06-25 19:45:09,976 [Worker-20: Building Workspace] INFO  o.e.m.c.i.embedder.EclipseLogger - Copying 0 resource
2020-06-25 19:45:09,979 [Worker-20: Building Workspace] WARN  o.e.m.c.i.embedder.EclipseLogger - Using platform encoding (Cp1252 actually) to copy filtered resources, i.e. build is platform dependent!
2020-06-25 19:45:09,981 [Worker-20: Building Workspace] INFO  o.e.m.c.i.embedder.EclipseLogger - skip non existing resourceDirectory D:\Sai_workSpace\restpractice\src\test\resources
2020-06-25 19:45:09,982 [Worker-20: Building Workspace] INFO  o.e.m.w.i.f.ResourceFilteringBuildParticipant - Changed resources require a complete clean of filtered resources of restpractice
2020-06-25 19:45:09,982 [Worker-20: Building Workspace] INFO  o.e.m.w.i.f.ResourceFilteringBuildParticipant - Executing resource filtering for restpractice
2020-06-25 19:45:09,987 [Worker-20: Building Workspace] WARN  o.e.m.c.i.embedder.EclipseLogger - Using platform encoding (Cp1252 actually) to copy filtered resources, i.e. build is platform dependent!
2020-06-25 19:45:12,291 [Worker-23: Download sources and javadoc] INFO  o.e.m.c.i.e.AbstractTransferListenerAdapter - Downloading https://repo.maven.apache.org/maven2/org/hibernate/validator/hibernate-validator/6.0.16.Final/hibernate-validator-6.0.16.Final-sources.jar
2020-06-25 19:45:14,011 [Worker-23: Download sources and javadoc] INFO  o.e.m.c.i.e.AbstractTransferListenerAdapter - Downloaded https://repo.maven.apache.org/maven2/org/hibernate/validator/hibernate-validator/6.0.16.Final/hibernate-validator-6.0.16.Final-sources.jar
2020-06-25 19:45:14,167 [Worker-23: Download sources and javadoc] INFO  o.e.m.j.internal.DownloadSourcesJob - Downloaded sources for org.hibernate.validator:hibernate-validator:6.0.16.Final
2020-06-25 19:45:14,370 [Worker-23: Download sources and javadoc] INFO  o.e.m.c.i.e.AbstractTransferListenerAdapter - Downloading https://repo.maven.apache.org/maven2/javax/validation/validation-api/2.0.1.Final/validation-api-2.0.1.Final-sources.jar
2020-06-25 19:45:14,667 [Worker-23: Download sources and javadoc] INFO  o.e.m.c.i.e.AbstractTransferListenerAdapter - Downloaded https://repo.maven.apache.org/maven2/javax/validation/validation-api/2.0.1.Final/validation-api-2.0.1.Final-sources.jar
2020-06-25 19:45:14,792 [Worker-23: Download sources and javadoc] INFO  o.e.m.j.internal.DownloadSourcesJob - Downloaded sources for javax.validation:validation-api:2.0.1.Final
2020-06-25 19:45:15,011 [Worker-23: Download sources and javadoc] INFO  o.e.m.c.i.e.AbstractTransferListenerAdapter - Downloading https://repo.maven.apache.org/maven2/org/jboss/logging/jboss-logging/3.3.2.Final/jboss-logging-3.3.2.Final-sources.jar
2020-06-25 19:45:15,261 [Worker-23: Download sources and javadoc] INFO  o.e.m.c.i.e.AbstractTransferListenerAdapter - Downloaded https://repo.maven.apache.org/maven2/org/jboss/logging/jboss-logging/3.3.2.Final/jboss-logging-3.3.2.Final-sources.jar
2020-06-25 19:45:15,449 [Worker-23: Download sources and javadoc] INFO  o.e.m.j.internal.DownloadSourcesJob - Downloaded sources for org.jboss.logging:jboss-logging:3.3.2.Final
2020-06-25 19:45:15,683 [Worker-23: Download sources and javadoc] INFO  o.e.m.c.i.e.AbstractTransferListenerAdapter - Downloading https://repo.maven.apache.org/maven2/com/fasterxml/classmate/1.3.4/classmate-1.3.4-sources.jar
2020-06-25 19:45:15,964 [Worker-23: Download sources and javadoc] INFO  o.e.m.c.i.e.AbstractTransferListenerAdapter - Downloaded https://repo.maven.apache.org/maven2/com/fasterxml/classmate/1.3.4/classmate-1.3.4-sources.jar
2020-06-25 19:45:16,136 [Worker-23: Download sources and javadoc] INFO  o.e.m.j.internal.DownloadSourcesJob - Downloaded sources for com.fasterxml:classmate:1.3.4
2020-06-25 19:50:46,119 [Worker-23: Launching Executing install in D__Sai_workSpace_restpractice] INFO  o.e.m.i.launch.MavenLaunchDelegate - D:\Sai_workSpace\restpractice
2020-06-25 19:50:46,119 [Worker-23: Launching Executing install in D__Sai_workSpace_restpractice] INFO  o.e.m.i.launch.MavenLaunchDelegate -  mvn -B -s D:\java\apache-maven-3.6.1-bin\apache-maven-3.6.1\conf\settings.xml install
2020-06-25 19:53:37,021 [Worker-24: Launching Executing install in D__Sai_workSpace_restpractice] INFO  o.e.m.i.launch.MavenLaunchDelegate - D:\Sai_workSpace\restpractice
2020-06-25 19:53:37,021 [Worker-24: Launching Executing install in D__Sai_workSpace_restpractice] INFO  o.e.m.i.launch.MavenLaunchDelegate -  mvn -B -s D:\java\apache-maven-3.6.1-bin\apache-maven-3.6.1\conf\settings.xml install
2020-06-25 19:56:09,016 [Worker-27: Launching Executing install in D__Sai_workSpace_restpractice] INFO  o.e.m.i.launch.MavenLaunchDelegate - D:\Sai_workSpace\restpractice
2020-06-25 19:56:09,016 [Worker-27: Launching Executing install in D__Sai_workSpace_restpractice] INFO  o.e.m.i.launch.MavenLaunchDelegate -  mvn -B -s D:\java\apache-maven-3.6.1-bin\apache-maven-3.6.1\conf\settings.xml install
2020-06-25 20:00:53,690 [Worker-32: Launching Executing install in D__Sai_workSpace_restpractice] INFO  o.e.m.i.launch.MavenLaunchDelegate - D:\Sai_workSpace\restpractice
2020-06-25 20:00:53,691 [Worker-32: Launching Executing install in D__Sai_workSpace_restpractice] INFO  o.e.m.i.launch.MavenLaunchDelegate -  mvn -B -s D:\java\apache-maven-3.6.1-bin\apache-maven-3.6.1\conf\settings.xml install
2020-06-25 20:03:02,446 [Worker-29: Launching restpractice] WARN  o.e.m.c.i.embedder.EclipseLogger - Using platform encoding (Cp1252 actually) to copy filtered resources, i.e. build is platform dependent!
2020-06-25 20:03:02,448 [Worker-29: Launching restpractice] INFO  o.e.m.c.i.embedder.EclipseLogger - Copying 0 resource
2020-06-25 20:03:02,450 [Worker-29: Launching restpractice] WARN  o.e.m.c.i.embedder.EclipseLogger - Using platform encoding (Cp1252 actually) to copy filtered resources, i.e. build is platform dependent!
2020-06-25 20:03:02,451 [Worker-29: Launching restpractice] INFO  o.e.m.c.i.embedder.EclipseLogger - skip non existing resourceDirectory D:\Sai_workSpace\restpractice\src\test\resources
2020-06-25 20:04:15,858 [Worker-31: Launching Executing install in D__Sai_workSpace_restpractice] INFO  o.e.m.i.launch.MavenLaunchDelegate - D:\Sai_workSpace\restpractice
2020-06-25 20:04:15,859 [Worker-31: Launching Executing install in D__Sai_workSpace_restpractice] INFO  o.e.m.i.launch.MavenLaunchDelegate -  mvn -B -s D:\java\apache-maven-3.6.1-bin\apache-maven-3.6.1\conf\settings.xml install
2020-06-25 20:12:14,642 [Worker-39: Launching Executing install in D__Sai_workSpace_restpractice] INFO  o.e.m.i.launch.MavenLaunchDelegate - D:\Sai_workSpace\restpractice
2020-06-25 20:12:14,642 [Worker-39: Launching Executing install in D__Sai_workSpace_restpractice] INFO  o.e.m.i.launch.MavenLaunchDelegate -  mvn -B -s D:\java\apache-maven-3.6.1-bin\apache-maven-3.6.1\conf\settings.xml install
2020-06-25 20:14:33,670 [Worker-39: Launching Executing install in D__Sai_workSpace_restpractice] INFO  o.e.m.i.launch.MavenLaunchDelegate - D:\Sai_workSpace\restpractice
2020-06-25 20:14:33,670 [Worker-39: Launching Executing install in D__Sai_workSpace_restpractice] INFO  o.e.m.i.launch.MavenLaunchDelegate -  mvn -B -s D:\java\apache-maven-3.6.1-bin\apache-maven-3.6.1\conf\settings.xml install
2020-06-25 20:15:59,307 [Worker-24: Launching Executing clean in D__Sai_workSpace_restpractice] INFO  o.e.m.i.launch.MavenLaunchDelegate - D:\Sai_workSpace\restpractice
2020-06-25 20:15:59,307 [Worker-24: Launching Executing clean in D__Sai_workSpace_restpractice] INFO  o.e.m.i.launch.MavenLaunchDelegate -  mvn -B -s D:\java\apache-maven-3.6.1-bin\apache-maven-3.6.1\conf\settings.xml clean
2020-06-25 20:16:08,779 [Worker-38: Launching Executing install in D__Sai_workSpace_restpractice] INFO  o.e.m.i.launch.MavenLaunchDelegate - D:\Sai_workSpace\restpractice
2020-06-25 20:16:08,779 [Worker-38: Launching Executing install in D__Sai_workSpace_restpractice] INFO  o.e.m.i.launch.MavenLaunchDelegate -  mvn -B -s D:\java\apache-maven-3.6.1-bin\apache-maven-3.6.1\conf\settings.xml install
2020-06-25 20:16:32,437 [Worker-43: Launching Executing install in D__Sai_workSpace_restpractice] INFO  o.e.m.i.launch.MavenLaunchDelegate - D:\Sai_workSpace\restpractice
2020-06-25 20:16:32,438 [Worker-43: Launching Executing install in D__Sai_workSpace_restpractice] INFO  o.e.m.i.launch.MavenLaunchDelegate -  mvn -B -s D:\java\apache-maven-3.6.1-bin\apache-maven-3.6.1\conf\settings.xml install
2020-06-25 20:16:53,883 [Worker-41: Launching Executing install in D__Sai_workSpace_restpractice] INFO  o.e.m.i.launch.MavenLaunchDelegate - D:\Sai_workSpace\restpractice
2020-06-25 20:16:53,883 [Worker-41: Launching Executing install in D__Sai_workSpace_restpractice] INFO  o.e.m.i.launch.MavenLaunchDelegate -  mvn -B -s D:\java\apache-maven-3.6.1-bin\apache-maven-3.6.1\conf\settings.xml install
2020-06-25 20:29:34,681 [Worker-47: Launching Executing install in D__Sai_workSpace_restpractice] INFO  o.e.m.i.launch.MavenLaunchDelegate - D:\Sai_workSpace\restpractice
2020-06-25 20:29:34,681 [Worker-47: Launching Executing install in D__Sai_workSpace_restpractice] INFO  o.e.m.i.launch.MavenLaunchDelegate -  mvn -B -s D:\java\apache-maven-3.6.1-bin\apache-maven-3.6.1\conf\settings.xml install
2020-06-25 20:33:45,863 [Worker-42: Launching Executing install in D__Sai_workSpace_restpractice] INFO  o.e.m.i.launch.MavenLaunchDelegate - D:\Sai_workSpace\restpractice
2020-06-25 20:33:45,864 [Worker-42: Launching Executing install in D__Sai_workSpace_restpractice] INFO  o.e.m.i.launch.MavenLaunchDelegate -  mvn -B -s D:\java\apache-maven-3.6.1-bin\apache-maven-3.6.1\conf\settings.xml install
2020-06-26 09:49:45,653 [Worker-4: Loading available Gradle versions] INFO  o.e.b.c.i.u.g.PublishedGradleVersions - Gradle version information cache is out-of-date. Trying to update.
2020-06-26 09:57:08,828 [Worker-10: Launching Executing install in D__Sai_workSpace_restpractice] INFO  o.e.m.i.launch.MavenLaunchDelegate - D:\Sai_workSpace\restpractice
2020-06-26 09:57:08,841 [Worker-10: Launching Executing install in D__Sai_workSpace_restpractice] INFO  o.e.m.i.launch.MavenLaunchDelegate -  mvn -B -s D:\java\apache-maven-3.6.1-bin\apache-maven-3.6.1\conf\settings.xml install
2020-06-26 10:00:09,013 [Worker-18: Launching Executing install in D__Sai_workSpace_restpractice] INFO  o.e.m.i.launch.MavenLaunchDelegate - D:\Sai_workSpace\restpractice
2020-06-26 10:00:09,014 [Worker-18: Launching Executing install in D__Sai_workSpace_restpractice] INFO  o.e.m.i.launch.MavenLaunchDelegate -  mvn -B -s D:\java\apache-maven-3.6.1-bin\apache-maven-3.6.1\conf\settings.xml install
2020-06-26 10:05:35,432 [Worker-18: Launching Executing install in D__Sai_workSpace_restpractice] INFO  o.e.m.i.launch.MavenLaunchDelegate - D:\Sai_workSpace\restpractice
2020-06-26 10:05:35,432 [Worker-18: Launching Executing install in D__Sai_workSpace_restpractice] INFO  o.e.m.i.launch.MavenLaunchDelegate -  mvn -B -s D:\java\apache-maven-3.6.1-bin\apache-maven-3.6.1\conf\settings.xml install
2020-06-26 10:18:14,817 [Worker-28: Launching Executing install in D__Sai_workSpace_restpractice] INFO  o.e.m.i.launch.MavenLaunchDelegate - D:\Sai_workSpace\restpractice
2020-06-26 10:18:14,839 [Worker-28: Launching Executing install in D__Sai_workSpace_restpractice] INFO  o.e.m.i.launch.MavenLaunchDelegate -  mvn -B -s D:\java\apache-maven-3.6.1-bin\apache-maven-3.6.1\conf\settings.xml install
2020-06-26 10:23:44,569 [Worker-21: Cleaning all projects] INFO  o.e.m.c.i.l.LifecycleMappingFactory - Using org.maven.ide.eclipse.wtp.WarLifecycleMapping lifecycle mapping for MavenProject: com.restpractice:restpractice:0.0.1-SNAPSHOT @ D:\Sai_workSpace\restpractice\pom.xml.
2020-06-26 10:23:46,479 [Worker-21: Cleaning all projects] INFO  o.e.m.c.i.e.AbstractTransferListenerAdapter - Downloading https://repo.maven.apache.org/maven2/com/fasterxml/jackson/datatype/jackson-datatype-jsr310/2.4.1/jackson-datatype-jsr310-2.4.1.pom
2020-06-26 10:23:46,803 [Worker-21: Cleaning all projects] INFO  o.e.m.c.i.e.AbstractTransferListenerAdapter - Downloaded https://repo.maven.apache.org/maven2/com/fasterxml/jackson/datatype/jackson-datatype-jsr310/2.4.1/jackson-datatype-jsr310-2.4.1.pom
2020-06-26 10:23:47,047 [Worker-21: Cleaning all projects] INFO  o.e.m.c.i.e.AbstractTransferListenerAdapter - Downloading https://repo.maven.apache.org/maven2/com/fasterxml/jackson/core/jackson-core/2.4.0/jackson-core-2.4.0.pom
2020-06-26 10:23:47,250 [Worker-21: Cleaning all projects] INFO  o.e.m.c.i.e.AbstractTransferListenerAdapter - Downloaded https://repo.maven.apache.org/maven2/com/fasterxml/jackson/core/jackson-core/2.4.0/jackson-core-2.4.0.pom
2020-06-26 10:23:47,467 [Worker-21: Cleaning all projects] INFO  o.e.m.c.i.e.AbstractTransferListenerAdapter - Downloading https://repo.maven.apache.org/maven2/com/fasterxml/jackson/core/jackson-databind/2.4.0/jackson-databind-2.4.0.pom
2020-06-26 10:23:47,722 [Worker-21: Cleaning all projects] INFO  o.e.m.c.i.e.AbstractTransferListenerAdapter - Downloaded https://repo.maven.apache.org/maven2/com/fasterxml/jackson/core/jackson-databind/2.4.0/jackson-databind-2.4.0.pom
2020-06-26 10:23:48,103 [Worker-21: Cleaning all projects] INFO  o.e.m.c.i.e.AbstractTransferListenerAdapter - Downloading https://repo.maven.apache.org/maven2/com/fasterxml/jackson/datatype/jackson-datatype-jsr310/2.4.1/jackson-datatype-jsr310-2.4.1.jar
2020-06-26 10:23:48,758 [Worker-21: Cleaning all projects] INFO  o.e.m.c.i.e.AbstractTransferListenerAdapter - Downloaded https://repo.maven.apache.org/maven2/com/fasterxml/jackson/datatype/jackson-datatype-jsr310/2.4.1/jackson-datatype-jsr310-2.4.1.jar
2020-06-26 10:23:50,709 [Worker-21: Cleaning all projects] INFO  o.e.m.w.i.f.ResourceFilteringBuildParticipant - Cleaning filtered folder for restpractice
2020-06-26 10:23:52,460 [Worker-29: Build Project] WARN  o.e.m.c.i.embedder.EclipseLogger - Using platform encoding (Cp1252 actually) to copy filtered resources, i.e. build is platform dependent!
2020-06-26 10:23:52,481 [Worker-29: Build Project] INFO  o.e.m.c.i.embedder.EclipseLogger - Copying 0 resource
2020-06-26 10:23:52,496 [Worker-29: Build Project] WARN  o.e.m.c.i.embedder.EclipseLogger - Using platform encoding (Cp1252 actually) to copy filtered resources, i.e. build is platform dependent!
2020-06-26 10:23:52,497 [Worker-29: Build Project] INFO  o.e.m.c.i.embedder.EclipseLogger - skip non existing resourceDirectory D:\Sai_workSpace\restpractice\src\test\resources
2020-06-26 10:23:52,661 [Worker-29: Build Project] INFO  o.e.m.w.i.f.ResourceFilteringBuildParticipant - Changed resources require a complete clean of filtered resources of restpractice
2020-06-26 10:23:52,662 [Worker-29: Build Project] INFO  o.e.m.w.i.f.ResourceFilteringBuildParticipant - Executing resource filtering for restpractice
2020-06-26 10:23:52,671 [Worker-29: Build Project] WARN  o.e.m.c.i.embedder.EclipseLogger - Using platform encoding (Cp1252 actually) to copy filtered resources, i.e. build is platform dependent!
2020-06-26 10:23:52,955 [Worker-35: Download sources and javadoc] INFO  o.e.m.c.i.e.AbstractTransferListenerAdapter - Downloading https://repo.maven.apache.org/maven2/com/fasterxml/jackson/datatype/jackson-datatype-jsr310/2.4.1/jackson-datatype-jsr310-2.4.1-sources.jar
2020-06-26 10:23:53,495 [Worker-35: Download sources and javadoc] INFO  o.e.m.c.i.e.AbstractTransferListenerAdapter - Downloaded https://repo.maven.apache.org/maven2/com/fasterxml/jackson/datatype/jackson-datatype-jsr310/2.4.1/jackson-datatype-jsr310-2.4.1-sources.jar
2020-06-26 10:23:53,608 [Worker-35: Download sources and javadoc] INFO  o.e.m.j.internal.DownloadSourcesJob - Downloaded sources for com.fasterxml.jackson.datatype:jackson-datatype-jsr310:2.4.1
2020-06-26 10:28:44,403 [Worker-38: Launching Executing clean in D__Sai_workSpace_restpractice] INFO  o.e.m.i.launch.MavenLaunchDelegate - D:\Sai_workSpace\restpractice
2020-06-26 10:28:44,404 [Worker-38: Launching Executing clean in D__Sai_workSpace_restpractice] INFO  o.e.m.i.launch.MavenLaunchDelegate -  mvn -B -s D:\java\apache-maven-3.6.1-bin\apache-maven-3.6.1\conf\settings.xml clean
2020-06-26 10:28:52,068 [Worker-40: Launching Executing install in D__Sai_workSpace_restpractice] INFO  o.e.m.i.launch.MavenLaunchDelegate - D:\Sai_workSpace\restpractice
2020-06-26 10:28:52,068 [Worker-40: Launching Executing install in D__Sai_workSpace_restpractice] INFO  o.e.m.i.launch.MavenLaunchDelegate -  mvn -B -s D:\java\apache-maven-3.6.1-bin\apache-maven-3.6.1\conf\settings.xml install
2020-06-26 10:31:15,503 [Worker-32: Launching Executing install in D__Sai_workSpace_restpractice] INFO  o.e.m.i.launch.MavenLaunchDelegate - D:\Sai_workSpace\restpractice
2020-06-26 10:31:15,503 [Worker-32: Launching Executing install in D__Sai_workSpace_restpractice] INFO  o.e.m.i.launch.MavenLaunchDelegate -  mvn -B -s D:\java\apache-maven-3.6.1-bin\apache-maven-3.6.1\conf\settings.xml install
2020-06-26 10:43:14,820 [ModalContext] WARN  o.e.m.c.i.embedder.EclipseLogger - Using platform encoding (Cp1252 actually) to copy filtered resources, i.e. build is platform dependent!
2020-06-26 10:43:14,911 [ModalContext] INFO  o.e.m.c.i.embedder.EclipseLogger - Copying 0 resource
2020-06-26 10:43:14,914 [ModalContext] WARN  o.e.m.c.i.embedder.EclipseLogger - Using platform encoding (Cp1252 actually) to copy filtered resources, i.e. build is platform dependent!
2020-06-26 10:43:14,915 [ModalContext] INFO  o.e.m.c.i.embedder.EclipseLogger - skip non existing resourceDirectory D:\Sai_workSpace\restpractice\src\test\resources
2020-06-26 10:43:14,916 [ModalContext] INFO  o.e.m.w.i.f.ResourceFilteringBuildParticipant - Changed resources require a complete clean of filtered resources of restpractice
2020-06-26 10:43:14,916 [ModalContext] INFO  o.e.m.w.i.f.ResourceFilteringBuildParticipant - Executing resource filtering for restpractice
2020-06-26 10:43:14,927 [ModalContext] WARN  o.e.m.c.i.embedder.EclipseLogger - Using platform encoding (Cp1252 actually) to copy filtered resources, i.e. build is platform dependent!
2020-06-26 10:45:15,344 [Worker-49: Launching Executing install in D__Sai_workSpace_restpractice] INFO  o.e.m.i.launch.MavenLaunchDelegate - D:\Sai_workSpace\restpractice
2020-06-26 10:45:15,344 [Worker-49: Launching Executing install in D__Sai_workSpace_restpractice] INFO  o.e.m.i.launch.MavenLaunchDelegate -  mvn -B -s D:\java\apache-maven-3.6.1-bin\apache-maven-3.6.1\conf\settings.xml install
2020-06-26 10:47:43,957 [Worker-54: Launching Executing install in D__Sai_workSpace_restpractice] INFO  o.e.m.i.launch.MavenLaunchDelegate - D:\Sai_workSpace\restpractice
2020-06-26 10:47:43,957 [Worker-54: Launching Executing install in D__Sai_workSpace_restpractice] INFO  o.e.m.i.launch.MavenLaunchDelegate -  mvn -B -s D:\java\apache-maven-3.6.1-bin\apache-maven-3.6.1\conf\settings.xml install
2020-06-26 10:51:08,446 [Worker-51: Launching Executing install in D__Sai_workSpace_restpractice] INFO  o.e.m.i.launch.MavenLaunchDelegate - D:\Sai_workSpace\restpractice
2020-06-26 10:51:08,446 [Worker-51: Launching Executing install in D__Sai_workSpace_restpractice] INFO  o.e.m.i.launch.MavenLaunchDelegate -  mvn -B -s D:\java\apache-maven-3.6.1-bin\apache-maven-3.6.1\conf\settings.xml install
2020-06-26 10:59:30,785 [Worker-54: Launching Executing install in D__Sai_workSpace_restpractice] INFO  o.e.m.i.launch.MavenLaunchDelegate - D:\Sai_workSpace\restpractice
2020-06-26 10:59:30,785 [Worker-54: Launching Executing install in D__Sai_workSpace_restpractice] INFO  o.e.m.i.launch.MavenLaunchDelegate -  mvn -B -s D:\java\apache-maven-3.6.1-bin\apache-maven-3.6.1\conf\settings.xml install
2020-06-29 15:35:21,303 [Worker-5: Loading available Gradle versions] INFO  o.e.b.c.i.u.g.PublishedGradleVersions - Gradle version information cache is out-of-date. Trying to update.
2020-07-15 11:07:18,260 [Worker-17: Loading available Gradle versions] INFO  o.e.b.c.i.u.g.PublishedGradleVersions - Gradle version information cache is up-to-date. Trying to read.
2020-07-16 09:08:38,514 [Worker-3: Loading available Gradle versions] INFO  o.e.b.c.i.u.g.PublishedGradleVersions - Gradle version information cache is up-to-date. Trying to read.
